[2019-06-19 17:02:16,309] [INFO ] [Microsoft.AspNetCore.DataProtection.KeyManagement.XmlKeyManager] 线程:1 User profile is available. Using 'C:\Users\LTL\AppData\Local\ASP.NET\DataProtection-Keys' as key repository and Windows DPAPI to encrypt keys at rest.
?
[2019-06-19 17:02:16,802] [INFO ] [Hangfire.SqlServer.SqlServerObjectsInstaller] 线程:1 Start installing Hangfire SQL objects...
?
[2019-06-19 17:02:18,281] [INFO ] [Hangfire.SqlServer.SqlServerObjectsInstaller] 线程:1 Hangfire SQL objects installed.
?
[2019-06-19 17:02:18,348] [INFO ] [Hangfire.BackgroundJobServer] 线程:1 Starting Hangfire Server using job storage: 'SQL Server: .\SQLEXPRESS@hangfire'
?
[2019-06-19 17:02:18,365] [INFO ] [Hangfire.BackgroundJobServer] 线程:1 Using the following options for SQL Server job storage: Queue poll interval: 00:00:15.
?
[2019-06-19 17:02:18,400] [INFO ] [Hangfire.BackgroundJobServer] 线程:1 Using the following options for Hangfire Server:
    Worker count: 20
    Listening queues: 'default'
    Shutdown timeout: 00:00:15
    Schedule polling interval: 00:00:15
?
[2019-06-19 17:02:18,496] [DEBUG] [Hangfire.Processing.BackgroundExecution] 线程:BackgroundServerProcess #1 Execution loop BackgroundServerProcess:21164288 has started in 56.7818 ms
?
[2019-06-19 17:02:19,647] [INFO ] [Hangfire.Server.BackgroundServerProcess] 线程:BackgroundServerProcess #1 Server desktop-b0qbas6:5024:773aeba9 successfully announced in 1088.2848 ms
?
[2019-06-19 17:02:19,726] [DEBUG] [Hangfire.Processing.BackgroundExecution] 线程:ServerHeartbeatProcess #1 Execution loop ServerHeartbeatProcess:a1970bae has started in 35.0138 ms
?
[2019-06-19 17:02:19,728] [INFO ] [Hangfire.Server.BackgroundServerProcess] 线程:BackgroundServerProcess #1 Server desktop-b0qbas6:5024:773aeba9 is starting the registered dispatchers: ServerWatchdog, ServerJobCancellationWatcher, ExpirationManager, CountersAggregator, Worker, DelayedJobScheduler, RecurringJobScheduler...
?
[2019-06-19 17:02:19,844] [DEBUG] [Hangfire.Processing.BackgroundExecution] 线程:ServerWatchdog #1 Execution loop ServerWatchdog:5c2197b7 has started in 77.1566 ms
?
[2019-06-19 17:02:19,861] [DEBUG] [Hangfire.Processing.BackgroundExecution] 线程:ServerJobCancellationWatcher #1 Execution loop ServerJobCancellationWatcher:9e2d507c has started in 75.333 ms
?
[2019-06-19 17:02:19,992] [DEBUG] [Hangfire.Processing.BackgroundExecution] 线程:ExpirationManager #1 Execution loop ExpirationManager:b9e60ac4 has started in 120.302 ms
?
[2019-06-19 17:02:20,020] [INFO ] [Hangfire.Server.ServerWatchdog] 线程:ServerWatchdog #1 2 servers were removed due to timeout
?
[2019-06-19 17:02:20,033] [DEBUG] [Hangfire.Processing.BackgroundExecution] 线程:CountersAggregator #1 Execution loop CountersAggregator:eec52d96 has started in 45.8542 ms
?
[2019-06-19 17:02:20,058] [DEBUG] [Hangfire.SqlServer.ExpirationManager] 线程:ExpirationManager #1 Removing outdated records from the 'AggregatedCounter' table...
?
[2019-06-19 17:02:20,102] [DEBUG] [Hangfire.Processing.BackgroundExecution] 线程:Worker #1 Execution loop Worker:64954059 has started in 73.4221 ms
?
[2019-06-19 17:02:20,174] [DEBUG] [Hangfire.SqlServer.CountersAggregator] 线程:CountersAggregator #1 Aggregating records in 'Counter' table...
?
[2019-06-19 17:02:20,245] [DEBUG] [Hangfire.Processing.BackgroundExecution] 线程:Worker #2 Execution loop Worker:eb707f2d has started in 163.0923 ms
?
[2019-06-19 17:02:20,308] [DEBUG] [Hangfire.Processing.BackgroundExecution] 线程:Worker #3 Execution loop Worker:03e8adea has started in 201.9328 ms
?
[2019-06-19 17:02:20,389] [DEBUG] [Hangfire.Processing.BackgroundExecution] 线程:Worker #4 Execution loop Worker:0b9e641b has started in 233.1773 ms
?
[2019-06-19 17:02:20,473] [DEBUG] [Hangfire.Processing.BackgroundExecution] 线程:Worker #5 Execution loop Worker:0e1978e8 has started in 268.9073 ms
?
[2019-06-19 17:02:20,514] [DEBUG] [Hangfire.Processing.BackgroundExecution] 线程:Worker #6 Execution loop Worker:aee7c02b has started in 309.3526 ms
?
[2019-06-19 17:02:20,526] [DEBUG] [Hangfire.Processing.BackgroundExecution] 线程:Worker #7 Execution loop Worker:32b9e79c has started in 334.1876 ms
?
[2019-06-19 17:02:20,593] [DEBUG] [Hangfire.Processing.BackgroundExecution] 线程:Worker #8 Execution loop Worker:ec5f2311 has started in 390.4833 ms
?
[2019-06-19 17:02:20,664] [DEBUG] [Hangfire.Processing.BackgroundExecution] 线程:Worker #9 Execution loop Worker:cb87af8f has started in 417.2478 ms
?
[2019-06-19 17:02:20,796] [DEBUG] [Hangfire.Processing.BackgroundExecution] 线程:Worker #10 Execution loop Worker:1c524df6 has started in 503.122 ms
?
[2019-06-19 17:02:20,958] [DEBUG] [Hangfire.Processing.BackgroundExecution] 线程:Worker #11 Execution loop Worker:5af5e0b1 has started in 602.5121 ms
?
[2019-06-19 17:02:21,028] [DEBUG] [Hangfire.Processing.BackgroundExecution] 线程:Worker #12 Execution loop Worker:2c8fb6b8 has started in 551.6877 ms
?
[2019-06-19 17:02:21,200] [DEBUG] [Hangfire.Processing.BackgroundExecution] 线程:Worker #13 Execution loop Worker:0518c7c4 has started in 731.7656 ms
?
[2019-06-19 17:02:21,324] [DEBUG] [Hangfire.Processing.BackgroundExecution] 线程:Worker #14 Execution loop Worker:917efb8f has started in 951.6672 ms
?
[2019-06-19 17:02:21,402] [DEBUG] [Hangfire.Processing.BackgroundExecution] 线程:Worker #15 Execution loop Worker:9313eb3c has started in 951.5328 ms
?
[2019-06-19 17:02:21,457] [DEBUG] [Hangfire.SqlServer.ExpirationManager] 线程:ExpirationManager #1 Removing outdated records from the 'Job' table...
?
[2019-06-19 17:02:21,512] [DEBUG] [Hangfire.Processing.BackgroundExecution] 线程:Worker #16 Execution loop Worker:0959bee0 has started in 1208.8398 ms
?
[2019-06-19 17:02:21,597] [DEBUG] [Hangfire.Processing.BackgroundExecution] 线程:Worker #17 Execution loop Worker:949a67c2 has started in 1324.5461 ms
?
[2019-06-19 17:02:21,706] [DEBUG] [Hangfire.Processing.BackgroundExecution] 线程:Worker #19 Execution loop Worker:3ae97a95 has started in 1597.4378 ms
?
[2019-06-19 17:02:21,879] [DEBUG] [Hangfire.Processing.BackgroundExecution] 线程:Worker #18 Execution loop Worker:6d6bf366 has started in 1597.4525 ms
?
[2019-06-19 17:02:21,906] [INFO ] [Hangfire.Server.BackgroundServerProcess] 线程:BackgroundServerProcess #1 Server desktop-b0qbas6:5024:773aeba9 all the dispatchers started
?
[2019-06-19 17:02:21,981] [DEBUG] [Hangfire.Processing.BackgroundExecution] 线程:Worker #20 Execution loop Worker:f89fff0b has started in 1619.1959 ms
?
[2019-06-19 17:02:22,025] [DEBUG] [Hangfire.Processing.BackgroundExecution] 线程:DelayedJobScheduler #1 Execution loop DelayedJobScheduler:cd058b3e has started in 180.4407 ms
?
[2019-06-19 17:02:22,057] [DEBUG] [Hangfire.Processing.BackgroundExecution] 线程:RecurringJobScheduler #1 Execution loop RecurringJobScheduler:64f7fcd1 has started in 188.1603 ms
?
[2019-06-19 17:02:22,085] [DEBUG] [Hangfire.SqlServer.ExpirationManager] 线程:ExpirationManager #1 Removing outdated records from the 'List' table...
?
[2019-06-19 17:02:22,592] [DEBUG] [Hangfire.SqlServer.ExpirationManager] 线程:ExpirationManager #1 Removing outdated records from the 'Set' table...
?
[2019-06-19 17:02:22,722] [DEBUG] [Hangfire.SqlServer.ExpirationManager] 线程:ExpirationManager #1 Removing outdated records from the 'Hash' table...
?
[2019-06-19 17:02:25,913] [INFO ] [Microsoft.AspNetCore.Hosting.Internal.WebHost] 线程:42 Request starting HTTP/1.1 GET https://localhost:5001/api/values  
?
[2019-06-19 17:02:28,377] [INFO ] [Microsoft.AspNetCore.Mvc.Internal.ControllerActionInvoker] 线程:42 Route matched with {action = "Get", controller = "Values"}. Executing action JwSale.Api.Controllers.ValuesController.Get (JwSale.Api)
?
[2019-06-19 17:02:31,049] [INFO ] [Microsoft.EntityFrameworkCore.Infrastructure] 线程:42 Entity Framework Core 2.2.4-servicing-10062 initialized 'JwSaleDbContext' using provider 'Microsoft.EntityFrameworkCore.SqlServer' with options: None
?
[2019-06-19 17:02:33,476] [INFO ] [Microsoft.EntityFrameworkCore.Database.Command] 线程:42 Executed DbCommand (241ms) [Parameters=[], CommandType='Text', CommandTimeout='30']
SELECT TOP(1) [o].[Id], [o].[AddTime], [o].[AddUserId], [o].[AddUserRealName], [o].[Name], [o].[ParentId], [o].[Remark], [o].[UpdateTime], [o].[UpdateUserId], [o].[UpdateUserRealName], [o].[Version]
FROM [RoleInfo] AS [o]
WHERE ([o].[Name] <> N'') OR [o].[Name] IS NULL
?
[2019-06-19 17:02:34,744] [INFO ] [Microsoft.EntityFrameworkCore.Database.Command] 线程:42 Executed DbCommand (148ms) [Parameters=[@p9='?' (DbType = Guid), @p0='?' (DbType = DateTime2), @p1='?' (DbType = Guid), @p2='?' (Size = 4000), @p3='?' (Size = 4000), @p4='?' (DbType = Guid), @p5='?' (Size = 4000), @p6='?' (DbType = DateTime2), @p7='?' (DbType = Guid), @p8='?' (Size = 4000), @p10='?' (Size = 8) (DbType = Binary)], CommandType='Text', CommandTimeout='30']
SET NOCOUNT ON;
UPDATE [RoleInfo] SET [AddTime] = @p0, [AddUserId] = @p1, [AddUserRealName] = @p2, [Name] = @p3, [ParentId] = @p4, [Remark] = @p5, [UpdateTime] = @p6, [UpdateUserId] = @p7, [UpdateUserRealName] = @p8
WHERE [Id] = @p9 AND [Version] = @p10;
SELECT [Version]
FROM [RoleInfo]
WHERE @@ROWCOUNT = 1 AND [Id] = @p9;
?
[2019-06-19 17:02:36,825] [INFO ] [Microsoft.AspNetCore.Mvc.Internal.ControllerActionInvoker] 线程:42 Executing action method JwSale.Api.Controllers.ValuesController.Get (JwSale.Api) - Validation state: Valid
?
[2019-06-19 17:02:36,848] [INFO ] [Microsoft.AspNetCore.Mvc.Internal.ControllerActionInvoker] 线程:42 Executed action method JwSale.Api.Controllers.ValuesController.Get (JwSale.Api), returned result Microsoft.AspNetCore.Mvc.ObjectResult in 0.5275ms.
?
[2019-06-19 17:03:02,061] [INFO ] [Microsoft.AspNetCore.Mvc.Infrastructure.ObjectResultExecutor] 线程:42 Executing ObjectResult, writing value of type 'System.String'.
?
[2019-06-19 17:03:02,075] [DEBUG] [Hangfire.Server.ServerHeartbeatProcess] 线程:ServerHeartbeatProcess #1 Server desktop-b0qbas6:5024:773aeba9 heartbeat successfully sent
?
[2019-06-19 17:03:02,159] [INFO ] [Microsoft.AspNetCore.Mvc.Internal.ControllerActionInvoker] 线程:42 Executed action JwSale.Api.Controllers.ValuesController.Get (JwSale.Api) in 33744.4816ms
?
[2019-06-19 17:03:02,376] [INFO ] [Microsoft.AspNetCore.Hosting.Internal.WebHost] 线程:42 Request finished in 36461.4546ms 200 text/plain; charset=utf-8
?
[2019-06-19 17:08:54,842] [INFO ] [Microsoft.AspNetCore.DataProtection.KeyManagement.XmlKeyManager] 线程:1 User profile is available. Using 'C:\Users\LTL\AppData\Local\ASP.NET\DataProtection-Keys' as key repository and Windows DPAPI to encrypt keys at rest.
?
[2019-06-19 17:08:56,323] [INFO ] [Hangfire.SqlServer.SqlServerObjectsInstaller] 线程:1 Start installing Hangfire SQL objects...
?
[2019-06-19 17:08:58,723] [INFO ] [Hangfire.SqlServer.SqlServerObjectsInstaller] 线程:1 Hangfire SQL objects installed.
?
[2019-06-19 17:08:58,949] [INFO ] [Hangfire.BackgroundJobServer] 线程:1 Starting Hangfire Server using job storage: 'SQL Server: .\SQLEXPRESS@hangfire'
?
[2019-06-19 17:08:58,973] [INFO ] [Hangfire.BackgroundJobServer] 线程:1 Using the following options for SQL Server job storage: Queue poll interval: 00:00:15.
?
[2019-06-19 17:08:59,089] [INFO ] [Hangfire.BackgroundJobServer] 线程:1 Using the following options for Hangfire Server:
    Worker count: 20
    Listening queues: 'default'
    Shutdown timeout: 00:00:15
    Schedule polling interval: 00:00:15
?
[2019-06-19 17:08:59,717] [DEBUG] [Hangfire.Processing.BackgroundExecution] 线程:BackgroundServerProcess #1 Execution loop BackgroundServerProcess:a7e2ba0f has started in 451.6864 ms
?
[2019-06-19 17:09:02,452] [INFO ] [Hangfire.Server.BackgroundServerProcess] 线程:BackgroundServerProcess #1 Server desktop-b0qbas6:15916:e697f661 successfully announced in 2440.5912 ms
?
[2019-06-19 17:09:02,966] [INFO ] [Hangfire.Server.BackgroundServerProcess] 线程:BackgroundServerProcess #1 Server desktop-b0qbas6:15916:e697f661 is starting the registered dispatchers: ServerWatchdog, ServerJobCancellationWatcher, ExpirationManager, CountersAggregator, Worker, DelayedJobScheduler, RecurringJobScheduler...
?
[2019-06-19 17:09:03,001] [DEBUG] [Hangfire.Processing.BackgroundExecution] 线程:ServerHeartbeatProcess #1 Execution loop ServerHeartbeatProcess:ac6bdef4 has started in 92.8039 ms
?
[2019-06-19 17:09:03,849] [DEBUG] [Hangfire.Processing.BackgroundExecution] 线程:ServerWatchdog #1 Execution loop ServerWatchdog:fa73a7de has started in 750.3001 ms
?
[2019-06-19 17:09:03,904] [DEBUG] [Hangfire.Processing.BackgroundExecution] 线程:ServerJobCancellationWatcher #1 Execution loop ServerJobCancellationWatcher:23168198 has started in 367.4904 ms
?
[2019-06-19 17:09:04,266] [INFO ] [Hangfire.Server.ServerWatchdog] 线程:ServerWatchdog #1 1 servers were removed due to timeout
?
[2019-06-19 17:09:04,328] [DEBUG] [Hangfire.Processing.BackgroundExecution] 线程:ExpirationManager #1 Execution loop ExpirationManager:f6ce00be has started in 311.9494 ms
?
[2019-06-19 17:09:04,435] [DEBUG] [Hangfire.Processing.BackgroundExecution] 线程:CountersAggregator #1 Execution loop CountersAggregator:88472520 has started in 224.0691 ms
?
[2019-06-19 17:09:04,612] [DEBUG] [Hangfire.Processing.BackgroundExecution] 线程:Worker #1 Execution loop Worker:2ba241fe has started in 319.9007 ms
?
[2019-06-19 17:09:04,791] [DEBUG] [Hangfire.Processing.BackgroundExecution] 线程:Worker #2 Execution loop Worker:ecad277b has started in 334.5434 ms
?
[2019-06-19 17:09:05,044] [DEBUG] [Hangfire.SqlServer.ExpirationManager] 线程:ExpirationManager #1 Removing outdated records from the 'AggregatedCounter' table...
?
[2019-06-19 17:09:05,111] [DEBUG] [Hangfire.SqlServer.CountersAggregator] 线程:CountersAggregator #1 Aggregating records in 'Counter' table...
?
[2019-06-19 17:09:05,266] [DEBUG] [Hangfire.Processing.BackgroundExecution] 线程:Worker #3 Execution loop Worker:c0f42bb4 has started in 574.723 ms
?
[2019-06-19 17:09:05,471] [DEBUG] [Hangfire.Processing.BackgroundExecution] 线程:Worker #4 Execution loop Worker:94c58915 has started in 655.6648 ms
?
[2019-06-19 17:09:05,850] [DEBUG] [Hangfire.Processing.BackgroundExecution] 线程:Worker #5 Execution loop Worker:7f1609ea has started in 715.0563 ms
?
[2019-06-19 17:09:05,935] [DEBUG] [Hangfire.Processing.BackgroundExecution] 线程:Worker #6 Execution loop Worker:ea372a81 has started in 757.0758 ms
?
[2019-06-19 17:09:06,002] [DEBUG] [Hangfire.Processing.BackgroundExecution] 线程:Worker #7 Execution loop Worker:02ce6765 has started in 817.4702 ms
?
[2019-06-19 17:09:06,215] [DEBUG] [Hangfire.Processing.BackgroundExecution] 线程:Worker #8 Execution loop Worker:8cd2e8cb has started in 884.6054 ms
?
[2019-06-19 17:09:06,312] [DEBUG] [Hangfire.Processing.BackgroundExecution] 线程:Worker #9 Execution loop Worker:e0a79847 has started in 1049.9682 ms
?
[2019-06-19 17:09:06,463] [DEBUG] [Hangfire.Processing.BackgroundExecution] 线程:Worker #10 Execution loop Worker:7f117e0f has started in 1073.3404 ms
?
[2019-06-19 17:09:06,562] [DEBUG] [Hangfire.Processing.BackgroundExecution] 线程:Worker #11 Execution loop Worker:1981c474 has started in 1458.0576 ms
?
[2019-06-19 17:09:06,672] [DEBUG] [Hangfire.Processing.BackgroundExecution] 线程:Worker #12 Execution loop Worker:0e84eca4 has started in 1315.4822 ms
?
[2019-06-19 17:09:06,871] [DEBUG] [Hangfire.Processing.BackgroundExecution] 线程:Worker #13 Execution loop Worker:268313f4 has started in 1596.5653 ms
?
[2019-06-19 17:09:07,424] [DEBUG] [Hangfire.Processing.BackgroundExecution] 线程:Worker #14 Execution loop Worker:6565d69e has started in 1765.5542 ms
?
[2019-06-19 17:09:07,687] [INFO ] [Hangfire.Server.BackgroundServerProcess] 线程:BackgroundServerProcess #1 Server desktop-b0qbas6:15916:e697f661 all the dispatchers started
?
[2019-06-19 17:09:07,905] [DEBUG] [Hangfire.Processing.BackgroundExecution] 线程:Worker #15 Execution loop Worker:fa6877d6 has started in 1691.1097 ms
?
[2019-06-19 17:09:08,018] [DEBUG] [Hangfire.Processing.BackgroundExecution] 线程:Worker #16 Execution loop Worker:49b6201c has started in 1999.0729 ms
?
[2019-06-19 17:09:08,153] [DEBUG] [Hangfire.Processing.BackgroundExecution] 线程:Worker #17 Execution loop Worker:199a95f6 has started in 1998.8948 ms
?
[2019-06-19 17:09:08,219] [DEBUG] [Hangfire.Processing.BackgroundExecution] 线程:Worker #18 Execution loop Worker:24be6c9a has started in 1999.0061 ms
?
[2019-06-19 17:09:08,672] [DEBUG] [Hangfire.Processing.BackgroundExecution] 线程:Worker #19 Execution loop Worker:323b5ec8 has started in 2238.553 ms
?
[2019-06-19 17:09:08,970] [DEBUG] [Hangfire.Processing.BackgroundExecution] 线程:Worker #20 Execution loop Worker:17d12ec0 has started in 2567.1597 ms
?
[2019-06-19 17:09:09,314] [DEBUG] [Hangfire.Processing.BackgroundExecution] 线程:DelayedJobScheduler #1 Execution loop DelayedJobScheduler:5ac12ded has started in 166.5976 ms
?
[2019-06-19 17:09:09,405] [DEBUG] [Hangfire.Processing.BackgroundExecution] 线程:RecurringJobScheduler #1 Execution loop RecurringJobScheduler:ab82b826 has started in 702.7317 ms
?
[2019-06-19 17:09:10,032] [DEBUG] [Hangfire.SqlServer.ExpirationManager] 线程:ExpirationManager #1 Removing outdated records from the 'Job' table...
?
[2019-06-19 17:09:11,128] [DEBUG] [Hangfire.SqlServer.ExpirationManager] 线程:ExpirationManager #1 Removing outdated records from the 'List' table...
?
[2019-06-19 17:09:11,951] [DEBUG] [Hangfire.SqlServer.ExpirationManager] 线程:ExpirationManager #1 Removing outdated records from the 'Set' table...
?
[2019-06-19 17:09:12,346] [DEBUG] [Hangfire.SqlServer.ExpirationManager] 线程:ExpirationManager #1 Removing outdated records from the 'Hash' table...
?
[2019-06-19 17:09:19,902] [INFO ] [Microsoft.AspNetCore.Hosting.Internal.WebHost] 线程:45 Request starting HTTP/1.1 GET https://localhost:5001/api/values  
?
[2019-06-19 17:09:29,206] [INFO ] [Microsoft.AspNetCore.Mvc.Internal.ControllerActionInvoker] 线程:45 Route matched with {action = "Get", controller = "Values"}. Executing action JwSale.Api.Controllers.ValuesController.Get (JwSale.Api)
?
[2019-06-19 17:09:33,645] [DEBUG] [Hangfire.Server.ServerHeartbeatProcess] 线程:ServerHeartbeatProcess #1 Server desktop-b0qbas6:15916:e697f661 heartbeat successfully sent
?
[2019-06-19 17:09:35,777] [INFO ] [Microsoft.EntityFrameworkCore.Infrastructure] 线程:45 Entity Framework Core 2.2.4-servicing-10062 initialized 'JwSaleDbContext' using provider 'Microsoft.EntityFrameworkCore.SqlServer' with options: None
?
[2019-06-19 17:09:43,112] [INFO ] [Microsoft.EntityFrameworkCore.Database.Command] 线程:45 Executed DbCommand (1,261ms) [Parameters=[], CommandType='Text', CommandTimeout='30']
SELECT TOP(1) [o].[Id], [o].[AddTime], [o].[AddUserId], [o].[AddUserRealName], [o].[Name], [o].[ParentId], [o].[Remark], [o].[UpdateTime], [o].[UpdateUserId], [o].[UpdateUserRealName], [o].[Version]
FROM [RoleInfo] AS [o]
WHERE ([o].[Name] <> N'') OR [o].[Name] IS NULL
?
[2019-06-19 17:09:46,323] [INFO ] [Microsoft.EntityFrameworkCore.Database.Command] 线程:45 Executed DbCommand (403ms) [Parameters=[@p9='?' (DbType = Guid), @p0='?' (DbType = DateTime2), @p1='?' (DbType = Guid), @p2='?' (Size = 4000), @p3='?' (Size = 4000), @p4='?' (DbType = Guid), @p5='?' (Size = 4000), @p6='?' (DbType = DateTime2), @p7='?' (DbType = Guid), @p8='?' (Size = 4000), @p10='?' (Size = 8) (DbType = Binary)], CommandType='Text', CommandTimeout='30']
SET NOCOUNT ON;
UPDATE [RoleInfo] SET [AddTime] = @p0, [AddUserId] = @p1, [AddUserRealName] = @p2, [Name] = @p3, [ParentId] = @p4, [Remark] = @p5, [UpdateTime] = @p6, [UpdateUserId] = @p7, [UpdateUserRealName] = @p8
WHERE [Id] = @p9 AND [Version] = @p10;
SELECT [Version]
FROM [RoleInfo]
WHERE @@ROWCOUNT = 1 AND [Id] = @p9;
?
[2019-06-19 17:09:51,230] [INFO ] [Microsoft.AspNetCore.Mvc.Internal.ControllerActionInvoker] 线程:45 Executing action method JwSale.Api.Controllers.ValuesController.Get (JwSale.Api) - Validation state: Valid
?
[2019-06-19 17:09:51,305] [INFO ] [Microsoft.AspNetCore.Mvc.Internal.ControllerActionInvoker] 线程:45 Executed action method JwSale.Api.Controllers.ValuesController.Get (JwSale.Api), returned result Microsoft.AspNetCore.Mvc.ObjectResult in 0.7696ms.
?
[2019-06-19 17:10:12,706] [DEBUG] [Hangfire.Server.ServerHeartbeatProcess] 线程:ServerHeartbeatProcess #1 Server desktop-b0qbas6:15916:e697f661 heartbeat successfully sent
?
[2019-06-19 17:10:12,741] [INFO ] [Microsoft.AspNetCore.Mvc.Infrastructure.ObjectResultExecutor] 线程:45 Executing ObjectResult, writing value of type 'System.String'.
?
[2019-06-19 17:10:12,884] [INFO ] [Microsoft.AspNetCore.Mvc.Internal.ControllerActionInvoker] 线程:45 Executed action JwSale.Api.Controllers.ValuesController.Get (JwSale.Api) in 43653.8861ms
?
[2019-06-19 17:10:13,050] [INFO ] [Microsoft.AspNetCore.Hosting.Internal.WebHost] 线程:45 Request finished in 53319.0883ms 200 text/plain; charset=utf-8
?
[2019-06-19 17:10:35,146] [INFO ] [Microsoft.AspNetCore.Hosting.Internal.WebHost] 线程:53 Request starting HTTP/1.1 GET https://localhost:5001/api/CustomerIn/GetAll  
?
[2019-06-19 17:10:35,209] [INFO ] [Microsoft.AspNetCore.Mvc.Internal.ControllerActionInvoker] 线程:53 Route matched with {action = "GetAll", controller = "CustomerInfo"}. Executing action JwSale.Api.Controllers.CustomerInfoController.GetAll (JwSale.Api)
?
[2019-06-19 17:10:35,248] [INFO ] [Microsoft.EntityFrameworkCore.Infrastructure] 线程:53 Entity Framework Core 2.2.4-servicing-10062 initialized 'JwSaleDbContext' using provider 'Microsoft.EntityFrameworkCore.SqlServer' with options: None
?
[2019-06-19 17:10:35,300] [INFO ] [Microsoft.AspNetCore.Mvc.Internal.ControllerActionInvoker] 线程:53 Executing action method JwSale.Api.Controllers.CustomerInfoController.GetAll (JwSale.Api) - Validation state: Valid
?
[2019-06-19 17:10:35,513] [INFO ] [Microsoft.EntityFrameworkCore.Database.Command] 线程:53 Executed DbCommand (119ms) [Parameters=[], CommandType='Text', CommandTimeout='30']
SELECT [c].[Id], [c].[AddTime], [c].[AddUserId], [c].[AddUserRealName], [c].[ApplyTime], [c].[AuthExpiredTime], [c].[COriginId], [c].[Email], [c].[FirstDealTime], [c].[GeneralizeInfoId], [c].[Industry], [c].[IsDeal], [c].[LastFollowTime], [c].[OriginName], [c].[ParentId], [c].[Phone], [c].[PropertyId], [c].[PropertyName], [c].[Qq], [c].[ReBuy], [c].[RealName], [c].[RealNamePin], [c].[RelationUserId], [c].[RelationUserRealName], [c].[Remark], [c].[TouchTime], [c].[TypeId], [c].[TypeName], [c].[UpdateTime], [c].[UpdateUserId], [c].[UpdateUserRealName], [c].[Version], [c].[WxNo]
FROM [CustomerInfo] AS [c]
?
[2019-06-19 17:10:35,543] [INFO ] [Microsoft.AspNetCore.Mvc.Internal.ControllerActionInvoker] 线程:53 Executed action method JwSale.Api.Controllers.CustomerInfoController.GetAll (JwSale.Api), returned result Microsoft.AspNetCore.Mvc.ObjectResult in 230.3602ms.
?
[2019-06-19 17:10:35,564] [INFO ] [Microsoft.AspNetCore.Mvc.Infrastructure.ObjectResultExecutor] 线程:53 Executing ObjectResult, writing value of type 'System.Net.Http.HttpResponseMessage'.
?
[2019-06-19 17:10:35,810] [INFO ] [Microsoft.AspNetCore.Mvc.Internal.ControllerActionInvoker] 线程:53 Executed action JwSale.Api.Controllers.CustomerInfoController.GetAll (JwSale.Api) in 535.127ms
?
[2019-06-19 17:10:35,877] [INFO ] [Microsoft.AspNetCore.Hosting.Internal.WebHost] 线程:53 Request finished in 705.7289ms 200 application/json; charset=utf-8
?
[2019-06-19 17:10:42,798] [DEBUG] [Hangfire.Server.ServerHeartbeatProcess] 线程:ServerHeartbeatProcess #1 Server desktop-b0qbas6:15916:e697f661 heartbeat successfully sent
?
[2019-06-19 17:14:03,978] [INFO ] [Microsoft.AspNetCore.DataProtection.KeyManagement.XmlKeyManager] 线程:1 User profile is available. Using 'C:\Users\LTL\AppData\Local\ASP.NET\DataProtection-Keys' as key repository and Windows DPAPI to encrypt keys at rest.
?
[2019-06-19 17:14:05,580] [INFO ] [Hangfire.SqlServer.SqlServerObjectsInstaller] 线程:1 Start installing Hangfire SQL objects...
?
[2019-06-19 17:14:07,845] [INFO ] [Hangfire.SqlServer.SqlServerObjectsInstaller] 线程:1 Hangfire SQL objects installed.
?
[2019-06-19 17:14:08,225] [INFO ] [Hangfire.BackgroundJobServer] 线程:1 Starting Hangfire Server using job storage: 'SQL Server: .\SQLEXPRESS@hangfire'
?
[2019-06-19 17:14:08,286] [INFO ] [Hangfire.BackgroundJobServer] 线程:1 Using the following options for SQL Server job storage: Queue poll interval: 00:00:15.
?
[2019-06-19 17:14:08,440] [INFO ] [Hangfire.BackgroundJobServer] 线程:1 Using the following options for Hangfire Server:
    Worker count: 20
    Listening queues: 'default'
    Shutdown timeout: 00:00:15
    Schedule polling interval: 00:00:15
?
[2019-06-19 17:14:08,980] [DEBUG] [Hangfire.Processing.BackgroundExecution] 线程:BackgroundServerProcess #1 Execution loop BackgroundServerProcess:c1b0846d has started in 285.8028 ms
?
[2019-06-19 17:14:12,192] [INFO ] [Hangfire.Server.BackgroundServerProcess] 线程:BackgroundServerProcess #1 Server desktop-b0qbas6:6520:6b1aa56f successfully announced in 2738.6936 ms
?
[2019-06-19 17:14:12,656] [INFO ] [Hangfire.Server.BackgroundServerProcess] 线程:BackgroundServerProcess #1 Server desktop-b0qbas6:6520:6b1aa56f is starting the registered dispatchers: ServerWatchdog, ServerJobCancellationWatcher, ExpirationManager, CountersAggregator, Worker, DelayedJobScheduler, RecurringJobScheduler...
?
[2019-06-19 17:14:12,668] [DEBUG] [Hangfire.Processing.BackgroundExecution] 线程:ServerHeartbeatProcess #1 Execution loop ServerHeartbeatProcess:93efd5fc has started in 328.293 ms
?
[2019-06-19 17:14:13,581] [DEBUG] [Hangfire.Processing.BackgroundExecution] 线程:ServerWatchdog #1 Execution loop ServerWatchdog:4459dede has started in 606.0143 ms
?
[2019-06-19 17:14:13,990] [DEBUG] [Hangfire.Processing.BackgroundExecution] 线程:ServerJobCancellationWatcher #1 Execution loop ServerJobCancellationWatcher:dc794f26 has started in 453.443 ms
?
[2019-06-19 17:14:14,429] [DEBUG] [Hangfire.Processing.BackgroundExecution] 线程:ExpirationManager #1 Execution loop ExpirationManager:903d7913 has started in 388.4477 ms
?
[2019-06-19 17:14:14,692] [DEBUG] [Hangfire.Processing.BackgroundExecution] 线程:CountersAggregator #1 Execution loop CountersAggregator:a20aa27b has started in 370.7056 ms
?
[2019-06-19 17:14:14,983] [DEBUG] [Hangfire.SqlServer.ExpirationManager] 线程:ExpirationManager #1 Removing outdated records from the 'AggregatedCounter' table...
?
[2019-06-19 17:14:15,200] [DEBUG] [Hangfire.Processing.BackgroundExecution] 线程:Worker #1 Execution loop Worker:b90f808c has started in 243.2156 ms
?
[2019-06-19 17:14:15,393] [DEBUG] [Hangfire.SqlServer.CountersAggregator] 线程:CountersAggregator #1 Aggregating records in 'Counter' table...
?
[2019-06-19 17:14:15,567] [DEBUG] [Hangfire.Processing.BackgroundExecution] 线程:Worker #2 Execution loop Worker:b8afa1ab has started in 469.743 ms
?
[2019-06-19 17:14:15,923] [DEBUG] [Hangfire.Processing.BackgroundExecution] 线程:Worker #3 Execution loop Worker:573fbe83 has started in 689.3729 ms
?
[2019-06-19 17:14:16,311] [DEBUG] [Hangfire.Processing.BackgroundExecution] 线程:Worker #4 Execution loop Worker:6fdcd9e0 has started in 881.4508 ms
?
[2019-06-19 17:14:16,518] [DEBUG] [Hangfire.Processing.BackgroundExecution] 线程:Worker #5 Execution loop Worker:f112de6b has started in 1047.4827 ms
?
[2019-06-19 17:14:16,731] [DEBUG] [Hangfire.Processing.BackgroundExecution] 线程:Worker #9 Execution loop Worker:42466e56 has started in 2005.7888 ms
?
[2019-06-19 17:14:16,923] [DEBUG] [Hangfire.Processing.BackgroundExecution] 线程:Worker #6 Execution loop Worker:550ca189 has started in 1217.4851 ms
?
[2019-06-19 17:14:17,067] [DEBUG] [Hangfire.Processing.BackgroundExecution] 线程:Worker #7 Execution loop Worker:1a7d6cae has started in 1799.3463 ms
?
[2019-06-19 17:14:17,159] [DEBUG] [Hangfire.Processing.BackgroundExecution] 线程:Worker #8 Execution loop Worker:5a79c65d has started in 1799.2662 ms
?
[2019-06-19 17:14:17,480] [DEBUG] [Hangfire.Processing.BackgroundExecution] 线程:Worker #10 Execution loop Worker:e78e553e has started in 2334.883 ms
?
[2019-06-19 17:14:17,584] [DEBUG] [Hangfire.Processing.BackgroundExecution] 线程:Worker #11 Execution loop Worker:a94c3bf5 has started in 2534.608 ms
?
[2019-06-19 17:14:18,348] [DEBUG] [Hangfire.Processing.BackgroundExecution] 线程:Worker #12 Execution loop Worker:bb06ae47 has started in 2968.2141 ms
?
[2019-06-19 17:14:18,476] [DEBUG] [Hangfire.Processing.BackgroundExecution] 线程:Worker #13 Execution loop Worker:563e3811 has started in 2968.0359 ms
?
[2019-06-19 17:14:18,895] [DEBUG] [Hangfire.SqlServer.ExpirationManager] 线程:ExpirationManager #1 Removing outdated records from the 'Job' table...
?
[2019-06-19 17:14:19,345] [DEBUG] [Hangfire.Processing.BackgroundExecution] 线程:Worker #14 Execution loop Worker:75d54f43 has started in 3855.4386 ms
?
[2019-06-19 17:14:20,910] [DEBUG] [Hangfire.Processing.BackgroundExecution] 线程:Worker #15 Execution loop Worker:058bcff1 has started in 3836.1612 ms
?
[2019-06-19 17:14:21,785] [DEBUG] [Hangfire.Processing.BackgroundExecution] 线程:Worker #16 Execution loop Worker:c36795eb has started in 4477.9821 ms
?
[2019-06-19 17:14:22,485] [DEBUG] [Hangfire.Processing.BackgroundExecution] 线程:Worker #17 Execution loop Worker:f1706af3 has started in 4211.5979 ms
?
[2019-06-19 17:14:22,874] [INFO ] [Hangfire.Server.BackgroundServerProcess] 线程:BackgroundServerProcess #1 Server desktop-b0qbas6:6520:6b1aa56f all the dispatchers started
?
[2019-06-19 17:14:25,356] [DEBUG] [Hangfire.Processing.BackgroundExecution] 线程:Worker #18 Execution loop Worker:d2c251a7 has started in 4352.7296 ms
?
[2019-06-19 17:14:25,776] [DEBUG] [Hangfire.Processing.BackgroundExecution] 线程:Worker #19 Execution loop Worker:ee9fdefe has started in 4819.2073 ms
?
[2019-06-19 17:14:26,111] [DEBUG] [Hangfire.Processing.BackgroundExecution] 线程:Worker #20 Execution loop Worker:3fae9d64 has started in 5271.1739 ms
?
[2019-06-19 17:14:26,456] [DEBUG] [Hangfire.SqlServer.ExpirationManager] 线程:ExpirationManager #1 Removing outdated records from the 'List' table...
?
[2019-06-19 17:14:26,998] [DEBUG] [Hangfire.Processing.BackgroundExecution] 线程:DelayedJobScheduler #1 Execution loop DelayedJobScheduler:032138d0 has started in 2015.9878 ms
?
[2019-06-19 17:14:27,246] [DEBUG] [Hangfire.Processing.BackgroundExecution] 线程:RecurringJobScheduler #1 Execution loop RecurringJobScheduler:b4abbd9c has started in 800.3672 ms
?
[2019-06-19 17:14:29,391] [DEBUG] [Hangfire.SqlServer.ExpirationManager] 线程:ExpirationManager #1 Removing outdated records from the 'Set' table...
?
[2019-06-19 17:14:30,823] [DEBUG] [Hangfire.SqlServer.ExpirationManager] 线程:ExpirationManager #1 Removing outdated records from the 'Hash' table...
?
[2019-06-19 17:14:43,387] [INFO ] [Microsoft.AspNetCore.Hosting.Internal.WebHost] 线程:9 Request starting HTTP/1.1 GET https://localhost:5001/api/values  
?
[2019-06-19 17:14:43,536] [DEBUG] [Hangfire.Server.ServerHeartbeatProcess] 线程:ServerHeartbeatProcess #1 Server desktop-b0qbas6:6520:6b1aa56f heartbeat successfully sent
?
[2019-06-19 17:15:02,219] [INFO ] [Microsoft.AspNetCore.Mvc.Internal.ControllerActionInvoker] 线程:9 Route matched with {action = "Get", controller = "Values"}. Executing action JwSale.Api.Controllers.ValuesController.Get (JwSale.Api)
?
[2019-06-19 17:15:09,310] [INFO ] [Microsoft.EntityFrameworkCore.Infrastructure] 线程:9 Entity Framework Core 2.2.4-servicing-10062 initialized 'JwSaleDbContext' using provider 'Microsoft.EntityFrameworkCore.SqlServer' with options: None
?
[2019-06-19 17:15:13,838] [DEBUG] [Hangfire.Server.ServerHeartbeatProcess] 线程:ServerHeartbeatProcess #1 Server desktop-b0qbas6:6520:6b1aa56f heartbeat successfully sent
?
[2019-06-19 17:15:16,010] [INFO ] [Microsoft.EntityFrameworkCore.Database.Command] 线程:9 Executed DbCommand (617ms) [Parameters=[], CommandType='Text', CommandTimeout='30']
SELECT TOP(1) [o].[Id], [o].[AddTime], [o].[AddUserId], [o].[AddUserRealName], [o].[Name], [o].[ParentId], [o].[Remark], [o].[UpdateTime], [o].[UpdateUserId], [o].[UpdateUserRealName], [o].[Version]
FROM [RoleInfo] AS [o]
WHERE ([o].[Name] <> N'') OR [o].[Name] IS NULL
?
[2019-06-19 17:15:19,823] [INFO ] [Microsoft.EntityFrameworkCore.Database.Command] 线程:9 Executed DbCommand (382ms) [Parameters=[@p9='?' (DbType = Guid), @p0='?' (DbType = DateTime2), @p1='?' (DbType = Guid), @p2='?' (Size = 4000), @p3='?' (Size = 4000), @p4='?' (DbType = Guid), @p5='?' (Size = 4000), @p6='?' (DbType = DateTime2), @p7='?' (DbType = Guid), @p8='?' (Size = 4000), @p10='?' (Size = 8) (DbType = Binary)], CommandType='Text', CommandTimeout='30']
SET NOCOUNT ON;
UPDATE [RoleInfo] SET [AddTime] = @p0, [AddUserId] = @p1, [AddUserRealName] = @p2, [Name] = @p3, [ParentId] = @p4, [Remark] = @p5, [UpdateTime] = @p6, [UpdateUserId] = @p7, [UpdateUserRealName] = @p8
WHERE [Id] = @p9 AND [Version] = @p10;
SELECT [Version]
FROM [RoleInfo]
WHERE @@ROWCOUNT = 1 AND [Id] = @p9;
?
[2019-06-19 17:15:27,518] [INFO ] [Microsoft.AspNetCore.Mvc.Internal.ControllerActionInvoker] 线程:9 Executing action method JwSale.Api.Controllers.ValuesController.Get (JwSale.Api) - Validation state: Valid
?
[2019-06-19 17:15:27,799] [INFO ] [Microsoft.AspNetCore.Mvc.Internal.ControllerActionInvoker] 线程:9 Executed action method JwSale.Api.Controllers.ValuesController.Get (JwSale.Api), returned result Microsoft.AspNetCore.Mvc.ObjectResult in 1.0389ms.
?
[2019-06-19 17:25:37,191] [INFO ] [Microsoft.AspNetCore.DataProtection.KeyManagement.XmlKeyManager] 线程:1 User profile is available. Using 'C:\Users\LTL\AppData\Local\ASP.NET\DataProtection-Keys' as key repository and Windows DPAPI to encrypt keys at rest.
?
[2019-06-19 17:25:37,596] [INFO ] [Hangfire.SqlServer.SqlServerObjectsInstaller] 线程:1 Start installing Hangfire SQL objects...
?
[2019-06-19 17:25:38,131] [INFO ] [Hangfire.SqlServer.SqlServerObjectsInstaller] 线程:1 Hangfire SQL objects installed.
?
[2019-06-19 17:25:38,221] [INFO ] [Hangfire.BackgroundJobServer] 线程:1 Starting Hangfire Server using job storage: 'SQL Server: .\SQLEXPRESS@hangfire'
?
[2019-06-19 17:25:38,239] [INFO ] [Hangfire.BackgroundJobServer] 线程:1 Using the following options for SQL Server job storage: Queue poll interval: 00:00:15.
?
[2019-06-19 17:25:38,252] [INFO ] [Hangfire.BackgroundJobServer] 线程:1 Using the following options for Hangfire Server:
    Worker count: 20
    Listening queues: 'default'
    Shutdown timeout: 00:00:15
    Schedule polling interval: 00:00:15
?
[2019-06-19 17:25:38,320] [DEBUG] [Hangfire.Processing.BackgroundExecution] 线程:BackgroundServerProcess #1 Execution loop BackgroundServerProcess:fb9b912f has started in 26.5827 ms
?
[2019-06-19 17:25:39,278] [INFO ] [Hangfire.Server.BackgroundServerProcess] 线程:BackgroundServerProcess #1 Server desktop-b0qbas6:1308:0f8f4369 successfully announced in 851.068 ms
?
[2019-06-19 17:25:39,338] [DEBUG] [Hangfire.Processing.BackgroundExecution] 线程:ServerHeartbeatProcess #1 Execution loop ServerHeartbeatProcess:778c6914 has started in 32.5665 ms
?
[2019-06-19 17:25:39,340] [INFO ] [Hangfire.Server.BackgroundServerProcess] 线程:BackgroundServerProcess #1 Server desktop-b0qbas6:1308:0f8f4369 is starting the registered dispatchers: ServerWatchdog, ServerJobCancellationWatcher, ExpirationManager, CountersAggregator, Worker, DelayedJobScheduler, RecurringJobScheduler...
?
[2019-06-19 17:25:39,427] [DEBUG] [Hangfire.Processing.BackgroundExecution] 线程:ServerWatchdog #1 Execution loop ServerWatchdog:65a80826 has started in 33.5008 ms
?
[2019-06-19 17:25:39,464] [DEBUG] [Hangfire.Processing.BackgroundExecution] 线程:ServerJobCancellationWatcher #1 Execution loop ServerJobCancellationWatcher:1aa03077 has started in 56.6982 ms
?
[2019-06-19 17:25:39,568] [INFO ] [Hangfire.Server.ServerWatchdog] 线程:ServerWatchdog #1 2 servers were removed due to timeout
?
[2019-06-19 17:25:39,590] [DEBUG] [Hangfire.Processing.BackgroundExecution] 线程:ExpirationManager #1 Execution loop ExpirationManager:a14d6f0a has started in 114.4811 ms
?
[2019-06-19 17:25:39,599] [DEBUG] [Hangfire.Processing.BackgroundExecution] 线程:CountersAggregator #1 Execution loop CountersAggregator:cde6e052 has started in 58.8212 ms
?
[2019-06-19 17:25:39,648] [DEBUG] [Hangfire.SqlServer.CountersAggregator] 线程:CountersAggregator #1 Aggregating records in 'Counter' table...
?
[2019-06-19 17:25:39,674] [DEBUG] [Hangfire.SqlServer.ExpirationManager] 线程:ExpirationManager #1 Removing outdated records from the 'AggregatedCounter' table...
?
[2019-06-19 17:25:39,728] [DEBUG] [Hangfire.Processing.BackgroundExecution] 线程:Worker #1 Execution loop Worker:4f0359fa has started in 117.0496 ms
?
[2019-06-19 17:25:39,774] [DEBUG] [Hangfire.Processing.BackgroundExecution] 线程:Worker #2 Execution loop Worker:9710a79f has started in 146.9349 ms
?
[2019-06-19 17:25:39,836] [DEBUG] [Hangfire.Processing.BackgroundExecution] 线程:Worker #3 Execution loop Worker:a5c95878 has started in 210.4121 ms
?
[2019-06-19 17:25:39,874] [DEBUG] [Hangfire.Processing.BackgroundExecution] 线程:Worker #4 Execution loop Worker:25235641 has started in 259.3178 ms
?
[2019-06-19 17:25:39,942] [DEBUG] [Hangfire.Processing.BackgroundExecution] 线程:Worker #6 Execution loop Worker:aa5f1b71 has started in 336.0949 ms
?
[2019-06-19 17:25:40,013] [DEBUG] [Hangfire.Processing.BackgroundExecution] 线程:Worker #5 Execution loop Worker:cc59eeff has started in 358.0583 ms
?
[2019-06-19 17:25:40,079] [DEBUG] [Hangfire.Processing.BackgroundExecution] 线程:Worker #7 Execution loop Worker:0478a002 has started in 410.3466 ms
?
[2019-06-19 17:25:40,102] [DEBUG] [Hangfire.Processing.BackgroundExecution] 线程:Worker #9 Execution loop Worker:a258e387 has started in 435.9153 ms
?
[2019-06-19 17:25:40,152] [DEBUG] [Hangfire.Processing.BackgroundExecution] 线程:Worker #8 Execution loop Worker:0d6db8a0 has started in 510.16 ms
?
[2019-06-19 17:25:40,464] [DEBUG] [Hangfire.Processing.BackgroundExecution] 线程:Worker #10 Execution loop Worker:1922a068 has started in 510.1603 ms
?
[2019-06-19 17:25:40,492] [DEBUG] [Hangfire.Processing.BackgroundExecution] 线程:Worker #11 Execution loop Worker:81df5e8e has started in 543.3298 ms
?
[2019-06-19 17:25:40,517] [DEBUG] [Hangfire.Processing.BackgroundExecution] 线程:Worker #12 Execution loop Worker:150166e5 has started in 508.0117 ms
?
[2019-06-19 17:25:40,550] [INFO ] [Hangfire.Server.BackgroundServerProcess] 线程:BackgroundServerProcess #1 Server desktop-b0qbas6:1308:0f8f4369 all the dispatchers started
?
[2019-06-19 17:25:40,565] [DEBUG] [Hangfire.Processing.BackgroundExecution] 线程:Worker #13 Execution loop Worker:dd0a7963 has started in 647.2625 ms
?
[2019-06-19 17:25:40,592] [DEBUG] [Hangfire.Processing.BackgroundExecution] 线程:Worker #14 Execution loop Worker:677aad9d has started in 720.4198 ms
?
[2019-06-19 17:25:40,697] [DEBUG] [Hangfire.Processing.BackgroundExecution] 线程:Worker #15 Execution loop Worker:7ac60909 has started in 739.7514 ms
?
[2019-06-19 17:25:40,714] [DEBUG] [Hangfire.Processing.BackgroundExecution] 线程:Worker #16 Execution loop Worker:34bbd9e2 has started in 755.8628 ms
?
[2019-06-19 17:25:40,737] [DEBUG] [Hangfire.SqlServer.ExpirationManager] 线程:ExpirationManager #1 Removing outdated records from the 'Job' table...
?
[2019-06-19 17:25:40,785] [DEBUG] [Hangfire.Processing.BackgroundExecution] 线程:Worker #17 Execution loop Worker:af958dc6 has started in 810.0057 ms
?
[2019-06-19 17:25:40,820] [DEBUG] [Hangfire.Processing.BackgroundExecution] 线程:Worker #18 Execution loop Worker:499cfff9 has started in 787.8736 ms
?
[2019-06-19 17:25:40,863] [DEBUG] [Hangfire.Processing.BackgroundExecution] 线程:Worker #19 Execution loop Worker:3adec272 has started in 870.9942 ms
?
[2019-06-19 17:25:40,916] [DEBUG] [Hangfire.Processing.BackgroundExecution] 线程:Worker #20 Execution loop Worker:97ae9f86 has started in 835.7279 ms
?
[2019-06-19 17:25:41,075] [DEBUG] [Hangfire.Processing.BackgroundExecution] 线程:DelayedJobScheduler #1 Execution loop DelayedJobScheduler:25a0fe57 has started in 92.227 ms
?
[2019-06-19 17:25:41,082] [DEBUG] [Hangfire.Processing.BackgroundExecution] 线程:RecurringJobScheduler #1 Execution loop RecurringJobScheduler:c59bf905 has started in 75.6242 ms
?
[2019-06-19 17:25:41,557] [DEBUG] [Hangfire.SqlServer.ExpirationManager] 线程:ExpirationManager #1 Removing outdated records from the 'List' table...
?
[2019-06-19 17:25:41,737] [DEBUG] [Hangfire.SqlServer.ExpirationManager] 线程:ExpirationManager #1 Removing outdated records from the 'Set' table...
?
[2019-06-19 17:25:41,907] [DEBUG] [Hangfire.SqlServer.ExpirationManager] 线程:ExpirationManager #1 Removing outdated records from the 'Hash' table...
?
[2019-06-19 17:25:44,337] [INFO ] [Microsoft.AspNetCore.Hosting.Internal.WebHost] 线程:9 Request starting HTTP/1.1 GET https://localhost:5001/api/values  
?
[2019-06-19 17:25:46,897] [INFO ] [Microsoft.AspNetCore.Mvc.Internal.ControllerActionInvoker] 线程:9 Route matched with {action = "Get", controller = "Values"}. Executing action JwSale.Api.Controllers.ValuesController.Get (JwSale.Api)
?
[2019-06-19 17:25:49,483] [INFO ] [Microsoft.EntityFrameworkCore.Infrastructure] 线程:9 Entity Framework Core 2.2.4-servicing-10062 initialized 'JwSaleDbContext' using provider 'Microsoft.EntityFrameworkCore.SqlServer' with options: None
?
[2019-06-19 17:25:51,616] [INFO ] [Microsoft.EntityFrameworkCore.Database.Command] 线程:9 Executed DbCommand (249ms) [Parameters=[], CommandType='Text', CommandTimeout='30']
SELECT TOP(1) [o].[Id], [o].[AddTime], [o].[AddUserId], [o].[AddUserRealName], [o].[Name], [o].[ParentId], [o].[Remark], [o].[UpdateTime], [o].[UpdateUserId], [o].[UpdateUserRealName], [o].[Version]
FROM [RoleInfo] AS [o]
WHERE ([o].[Name] <> N'') OR [o].[Name] IS NULL
?
[2019-06-19 17:25:52,767] [INFO ] [Microsoft.EntityFrameworkCore.Database.Command] 线程:9 Executed DbCommand (132ms) [Parameters=[@p9='?' (DbType = Guid), @p0='?' (DbType = DateTime2), @p1='?' (DbType = Guid), @p2='?' (Size = 4000), @p3='?' (Size = 4000), @p4='?' (DbType = Guid), @p5='?' (Size = 4000), @p6='?' (DbType = DateTime2), @p7='?' (DbType = Guid), @p8='?' (Size = 4000), @p10='?' (Size = 8) (DbType = Binary)], CommandType='Text', CommandTimeout='30']
SET NOCOUNT ON;
UPDATE [RoleInfo] SET [AddTime] = @p0, [AddUserId] = @p1, [AddUserRealName] = @p2, [Name] = @p3, [ParentId] = @p4, [Remark] = @p5, [UpdateTime] = @p6, [UpdateUserId] = @p7, [UpdateUserRealName] = @p8
WHERE [Id] = @p9 AND [Version] = @p10;
SELECT [Version]
FROM [RoleInfo]
WHERE @@ROWCOUNT = 1 AND [Id] = @p9;
?
[2019-06-19 17:25:54,703] [INFO ] [Microsoft.AspNetCore.Mvc.Internal.ControllerActionInvoker] 线程:9 Executing action method JwSale.Api.Controllers.ValuesController.Get (JwSale.Api) - Validation state: Valid
?
[2019-06-19 17:25:54,798] [INFO ] [Microsoft.AspNetCore.Mvc.Internal.ControllerActionInvoker] 线程:9 Executed action method JwSale.Api.Controllers.ValuesController.Get (JwSale.Api), returned result Microsoft.AspNetCore.Mvc.ObjectResult in 8.1002ms.
?
[2019-06-19 17:25:54,948] [INFO ] [Microsoft.AspNetCore.Mvc.Infrastructure.ObjectResultExecutor] 线程:9 Executing ObjectResult, writing value of type 'System.String'.
?
[2019-06-19 17:25:55,016] [INFO ] [Microsoft.AspNetCore.Mvc.Internal.ControllerActionInvoker] 线程:9 Executed action JwSale.Api.Controllers.ValuesController.Get (JwSale.Api) in 8070.3202ms
?
[2019-06-19 17:25:55,188] [INFO ] [Microsoft.AspNetCore.Hosting.Internal.WebHost] 线程:9 Request finished in 10894.6756ms 200 text/plain; charset=utf-8
?
